# //  ModelSim SE-64 10.6c Jul 25 2017Linux 4.13.0-36-generic
# //
# //  Copyright 1991-2017 Mentor Graphics Corporation
# //  All Rights Reserved.
# //
# //  ModelSim SE-64 and its associated documentation contain trade
# //  secrets and commercial or financial information that are the property of
# //  Mentor Graphics Corporation and are privileged, confidential,
# //  and exempt from disclosure under the Freedom of Information Act,
# //  5 U.S.C. Section 552. Furthermore, this information
# //  is prohibited from disclosure under the Trade Secrets Act,
# //  18 U.S.C. Section 1905.
# //
# do {TB_MODULE_simulate.do}
# vsim -voptargs=""+acc"" -L xil_defaultlib -L secureip -lib xil_defaultlib xil_defaultlib.TB_MODULE 
# Start time: 09:15:02 on Dec 18,2019
# ** Note: (vsim-3812) Design is being optimized...
# Loading std.standard
# Loading std.textio(body)
# Loading ieee.std_logic_1164(body)
# Loading work.tb_module(testbench)#1
# Loading ieee.std_logic_arith(body)
# Loading ieee.std_logic_unsigned(body)
# Loading work.module(arch)#1
# 1
# 1
# ** Error: Unable to lock WLF file "vsim.wlf". Retrying 1 times, errno 11
# ** Error: Unable to lock WLF file "vsim.wlf". Retrying 2 times, errno 11
# ** Error: Unable to lock WLF file "vsim.wlf". Retrying 3 times, erradd wave -position end  sim:/tb_module/DUT/toggle
add wave -position end  sim:/tb_module/DUT/ticksek
add wave -position end  sim:/tb_module/DUT/counter
restart
# ** Note: (vsim-3813) Design is being optimized due to module recompilation...
# Loading std.standard
# Loading std.textio(body)
# Loading ieee.std_logic_1164(body)
# Loading work.tb_module(testbench)#1
# Loading ieee.std_logic_arith(body)
# Loading ieee.std_logic_unsigned(body)
# Loading work.module(arch)#1
run
restart
# ** Note: (vsim-8009) Loading existing optimized design _opt
run

add wave -position end  sim:/tb_module/DUT/ticksek
add wave -position end  sim:/tb_module/DUT/toggle
add wave -position end  sim:/tb_module/DUT/counter
restart
# ** Note: (vsim-8009) Loading existing optimized design _opt1
run
run
run
